-1.508341201595208149e-04
-4.141524872209068910e-04
-1.828649057067341285e-05
-2.672041799152057856e-05
-3.855978590550200461e-04
-1.316615362317671454e-03
-1.896317487101928032e-03
-6.938514964528350994e-07
-4.326149186666782671e-04
3.144745791998689727e-04
-5.471599592436468540e-03
5.530644289427066006e-03
-2.327710792316577126e-03
6.968447601965598471e-04
5.244258466671236282e-03
-4.287770351865395971e-03
-1.713146731430625512e-03
-1.166240540699060206e-03
-5.717245223570542752e-05
-2.055599822972977982e-04
-4.606844051052647659e-06
-6.921046691917261679e-06
-9.053582806818722632e-04
-3.609249856217913548e-03
-1.386818164923554145e-03
1.305384695955093908e-06
-2.107963160581545481e-04
1.600621441517077054e-02
-1.081305101008093886e-03
-6.322389681550268786e-04
1.909442812674178947e-03
4.339460501694481946e-05
-2.365218259843775064e-03
1.111885766445963727e-03
1.792327405036147226e-03
8.746892979480077809e-03
-5.016333665288885522e-05
-1.818569121811519174e-04
-1.242968584725870778e-06
-2.136052050384805471e-06
-4.234989613972693742e-04
-4.740100129993892082e-03
-1.376413760176127066e-03
6.038657600654185435e-08
-1.883099657423413780e-04
-5.567495897620748993e-03
-1.400497328240865418e-02
-7.282563733932919357e-03
-4.131644928473243022e-03
4.863928016034650714e-04
2.034575693004361634e-03
-4.995629785521527863e-05
-2.861224262866791154e-04
-1.274744813684829808e-02
