-2.279665082769165261e-05
-4.445810852013693475e-05
-9.444966807109386438e-06
-1.193007819692004510e-05
5.323327818884701596e-06
7.436269305331709152e-05
-1.521045125631940564e-04
-7.850016005185052716e-06
-4.788941305107098911e-05
-2.094535921837080428e-03
1.889004573157360991e-04
-1.834232149193013289e-03
1.369730782213467765e-04
-2.981332513767966230e-05
-6.436441458545487002e-05
-2.994512965811906534e-03
-2.514933470297021825e-03
-2.067729821132206422e-03
-5.073014724464096140e-06
-2.174919617293216839e-05
-2.057241782547215282e-07
-2.449850563510460132e-07
1.703768051735060377e-05
1.845179418652258220e-04
-1.564069837835524717e-04
-2.582819152561154371e-09
-2.230500430303049736e-05
-1.460558959954257399e-03
2.714880869780795375e-03
8.720522848675090356e-04
1.350675974787682017e-04
-4.053227603552514799e-07
1.764735966996013168e-06
5.744155515151528777e-04
-2.982405740492930033e-03
-9.690726960465901783e-05
-3.969707874030831000e-06
-1.851589706476029887e-05
-1.383771865843462543e-07
-1.936255043729237154e-07
1.578514454220409161e-05
1.819389884023855778e-04
-1.497322513367373338e-04
-1.808979912301133854e-09
-1.893710008843816996e-05
-1.065154107759540671e-03
1.466476277479140337e-03
1.061691227547795327e-04
3.267689522276700999e-04
-4.366733575440892909e-06
4.285942174931167340e-05
4.379002964720089624e-04
-2.635569513878034242e-03
7.485915830278943846e-05
