-1.691874001453845240e-04
-4.726406428642819643e-04
-1.955442227009874628e-05
-2.848702462667301885e-05
-4.557318632862420978e-04
-1.525594235411019579e-03
-2.160350144970521382e-03
-6.977840839857941824e-07
-4.925906767018914606e-04
2.963836422069946125e-04
-6.050473432591824130e-03
6.482412008293071855e-03
-2.590382431913795542e-03
8.458425183547053743e-04
6.116556581768512260e-03
-4.411807576789525225e-03
-2.270100676395435477e-03
-1.402456254840091796e-03
-6.227105415729719128e-05
-2.290192378862332379e-04
-4.358650256361515626e-06
-6.528433117423023287e-06
-1.053378098895335711e-03
-4.112932015696637265e-03
-1.529716683691164638e-03
1.532165645303474454e-06
-2.342128004712579355e-04
1.829837883121012906e-02
-1.089866694424616650e-03
-1.080846106236008162e-03
1.948085591733368692e-03
7.042664598474717287e-05
-2.716546183529656554e-03
1.141236758158402278e-03
1.863717887845380472e-04
9.661679346349517916e-03
-5.580977834667612004e-05
-2.041847527566364247e-04
-1.491298053296506263e-06
-2.521866132853871799e-06
-4.870855135428914825e-04
-5.365589790222244880e-03
-1.523501787407685300e-03
7.450382285664100689e-08
-2.112214566047938130e-04
-5.851148230654973879e-03
-1.576999937538884830e-02
-6.434146296206141175e-03
-5.685111048151138095e-03
5.636252258092749228e-04
2.381953825974050896e-03
-2.026289684814550586e-05
-7.812035023823268821e-04
-1.419313520659112697e-02
