-5.946830146116390724e-05
-1.183472150733694029e-04
-1.916357146559362603e-05
-2.322041400910680403e-05
1.528820421632206053e-04
7.354415533662956922e-04
-4.023204526333605448e-04
-8.484994668444999563e-06
-1.271141033210597458e-04
-2.646435117663771021e-03
2.003868562500429711e-03
-2.052796328534446570e-03
3.825200527410511269e-04
-8.277483560400118485e-05
-2.120036565414247379e-04
-7.445872213349193644e-04
-5.948705871707545001e-03
-2.319394201753633561e-03
-1.417298682655185122e-05
-5.396392208411872712e-05
-8.935307193539148719e-07
-3.297142179691322204e-07
1.523583741716362820e-04
7.170885108246816565e-04
-3.720057241033763399e-04
9.919738869023631206e-08
-5.593339370783203011e-05
3.769115837770314458e-04
1.006470882385430542e-03
8.171584565765224782e-05
5.767653414425696640e-04
-3.062554709720807805e-05
-1.108474661353618069e-05
1.239314148537968641e-03
-2.541411234555271837e-03
7.459448224343279013e-04
-1.091388888156792672e-05
-4.503726613866651383e-05
-1.050683695793230254e-06
-5.844470202945181852e-07
2.579145076843810096e-04
1.334425871139556519e-03
-3.568440376814647065e-04
-5.948323443237091515e-09
-4.645080577925149332e-05
-1.176655018235899961e-03
-4.172992018699907659e-04
1.682105233532258997e-04
1.059266598792769314e-05
1.700418376881612488e-05
1.809414272436113403e-04
1.130101633853688612e-03
-5.995026758597706007e-03
-6.853947839345970105e-04
