2.941252508114100458e-05
-4.260814604583900334e-04
-4.185377013742241285e-04
-7.799267076738225501e-04
4.033982056590503310e-03
5.484859745842408582e-03
1.619693297751276703e-05
-4.103576937636418324e-04
-3.034450691365735879e-04
4.080085827032225478e-03
1.295111917270666806e-03
-2.933822854859085584e-05
-1.808996099803172709e-05
-1.078703997296236563e-03
-3.540816006446649653e-03
-4.680414406363324754e-04
-4.010943802977870009e-05
-4.392141554536626268e-03
5.881306123789996907e-04
5.894572134151510479e-04
2.248747545809183003e-04
5.379011534190833850e-05
4.438486586864477321e-03
-7.523791133926181719e-04
6.259366139513711930e-04
2.589789962135892857e-06
8.243727421137894478e-04
1.227704066408620811e-07
1.080166937769984521e-03
4.557814007797235823e-04
4.752711869952772105e-04
-6.876116215712267806e-05
3.335660812339434384e-04
-3.091100348596537107e-04
-3.673856149558909855e-05
-8.049574584077545973e-04
2.720031024015242627e-04
2.437138440140414121e-04
2.475284571589606497e-04
8.117796046544886840e-06
7.126992052596049440e-03
1.599600951139337280e-03
-8.415557885906934125e-04
-1.591361464604259640e-07
3.162643930002205484e-04
-1.005998612564188398e-02
-5.267954816326456124e-03
2.387654623301253235e-04
-3.149183252719061938e-05
1.325381826784363670e-03
1.628033099248198936e-03
1.009415719215996272e-03
-7.793189842356071026e-03
1.139353118726117720e-02
