-2.718544059550763881e-03
3.944678020275450663e-03
-7.717296601817869202e-03
-1.125338454865009753e-02
-2.863259943301932342e-02
-6.604226676770436066e-03
-6.205868921336735004e-03
-2.233377983524485147e-04
1.530024476605145378e-03
-1.110439791913469566e-02
-3.930438063095987276e-03
2.185578086631543985e-04
-2.001035879729394387e-04
3.700504622159050266e-02
3.650190791909731225e-02
-1.419077201746605892e-03
-1.949291940022516122e-03
1.418690356425357339e-02
-9.090034400493156308e-03
-1.160481485001886928e-02
-3.063567318020720114e-03
-4.286489733714793013e-03
-6.747023897245173207e-02
9.869184450747863109e-05
-1.121595186076812485e-04
1.380914739184201762e-04
-1.349854709416777737e-02
6.881958508135286971e-03
2.899047758175630866e-03
-1.051693026262388289e-05
-9.894681613514268013e-06
6.562357560182133752e-03
-4.433882523840825853e-03
2.554776087805063327e-05
4.960825536132633167e-04
-5.472356266346693233e-03
-6.458995257667102426e-03
-9.159070542340245688e-03
-4.108146407634647221e-05
-6.732432968587401365e-05
-4.479077158036168932e-03
3.581654361286113093e-03
1.046193734355274976e-02
4.577486761661036740e-06
-1.051013441411271891e-02
-4.268157378032408182e-03
-5.023486093967688415e-03
-5.940890599198492576e-04
-4.483153818759793988e-05
3.597439504326859633e-02
8.163443016247870498e-03
4.599084262792527567e-04
-3.447476777590018082e-03
4.015554481521094003e-03
