-2.408548786419226553e-03
7.872377127516132483e-04
-3.156637875593980899e-03
-3.218114594743402748e-03
9.922008366258922019e-04
6.322607997132431365e-03
3.573344837356823880e-05
-3.182685956104843502e-03
-1.640864059381878500e-04
2.971984173717689536e-03
1.003422917944754838e-03
-2.200911794175802977e-04
3.709652135161732578e-05
-3.768360990821758086e-03
-3.361821656175527622e-03
-2.252457627106080253e-04
2.900498881533188078e-04
-3.225449047983895961e-03
-5.163834638692468663e-04
-5.255081533916274679e-04
5.178866600483874824e-05
4.586634136769631505e-05
3.004201009478959464e-03
2.202371160370654533e-03
4.128745511917127466e-04
-4.468540886226809590e-08
-5.879526000408263637e-04
-4.368729067553121966e-03
-7.826450491019149155e-04
5.950550352037475106e-04
2.101752241417030815e-04
-1.245508157109918813e-03
2.271197756398655055e-03
-2.588095494791259180e-04
-1.200600302902776501e-04
3.432841880834811184e-03
-4.602565051130050040e-04
-4.885927534783410676e-04
-9.121618419701727038e-06
-1.383989990074421786e-05
3.756461652945748686e-03
-1.073752307685498040e-03
-2.784938747938424993e-04
-2.308097536560335995e-07
-5.607720917274319284e-04
-7.635112910390274774e-03
-3.997925272841621087e-03
2.190985742554730706e-04
1.579529192226021648e-04
1.199203392400818033e-03
3.650930059432955666e-03
4.745100872747552213e-04
-6.424574017103755648e-03
8.964023259812492483e-03
