-2.501132659575881420e-05
-4.890174824074615493e-05
-9.691524396649402653e-06
-1.227342932499198755e-05
6.952943198803061093e-06
9.050663233736050992e-05
-1.655518482611769316e-04
-8.039031129741790136e-06
-5.259232906236397363e-05
-2.213271685304447466e-03
2.683179994478553814e-04
-1.892288971081006622e-03
1.555999365418159674e-04
-3.330455757871628289e-05
-6.542010186657521375e-05
-3.065526680735208061e-03
-2.736567522559565143e-03
-2.171673495907216166e-03
-5.585990826321298164e-06
-2.400385563254819532e-05
-2.102678520141436566e-07
-2.503043147990336978e-07
1.827560415719965131e-05
1.962805673513884287e-04
-1.726285089426793156e-04
-2.823796155654873973e-09
-2.460608161085300514e-05
-1.528452567393028634e-03
2.828998490182327123e-03
8.789082326567101630e-04
-1.838622144492445314e-05
-8.805855269911559166e-07
8.744491378555183241e-06
6.670622542740271312e-04
-3.232078102105072435e-03
-9.159068924806038200e-05
-4.406225676983645618e-06
-2.056047279013232062e-05
-1.416795904235519733e-07
-1.979677133117072585e-07
1.719301913954964523e-05
1.965940902079412367e-04
-1.655853697563511827e-04
-2.017874273288992102e-09
-2.101907137526484612e-05
-1.215298990821629243e-03
1.546335015133225212e-03
1.351329726581841856e-04
3.229064941686453230e-04
-4.174239851859526283e-06
4.986874601053793515e-05
5.306702431545195359e-04
-2.878589366302624925e-03
9.701382590742130179e-06
