-2.775626632997064708e-05
-5.514136416938761776e-05
-1.159999429054616615e-05
-2.454629027597810825e-05
1.741872098974693508e-04
6.919547445480059809e-04
-1.024663899585720366e-05
-6.013406154183039562e-06
-6.125513382916765968e-05
1.919841587841162776e-04
1.643815619069485259e-04
1.763401588978708088e-04
1.517391344970963674e-04
-7.853742907016302271e-05
-2.789980183021564222e-04
-8.123536804893172723e-04
-8.138419314540592175e-04
-2.815145629190563274e-04
1.229764262886384046e-05
1.673711255505828024e-05
7.694824274539824438e-06
3.752609824190428280e-09
1.871313919437775039e-04
6.012122159179410274e-04
1.547091147148665110e-05
8.398389015307540132e-08
1.861199435560060715e-05
-6.294450844291521073e-04
9.768192180646523542e-04
5.570491172757053135e-04
4.721486742457556697e-04
-3.262050537493185385e-05
9.605397823470355166e-05
-3.982727026462348405e-04
-8.747272473633162205e-05
-3.648374704621199622e-05
1.792046086228321383e-06
-4.884459715989279501e-06
6.804739369164806379e-07
-6.786715222778258443e-07
3.110555585681485172e-04
1.336039280550222830e-03
-2.487128973134861623e-05
-6.619606240644297034e-09
-4.916886129896732888e-06
-1.001393082877270312e-03
3.303043389737856327e-04
7.676887821984186794e-05
-1.671490246190330035e-04
1.409199747189774541e-05
7.913192548134310338e-05
1.094340568235514267e-03
-5.291669173928879692e-03
5.658915691785096694e-04
