4.912928221837591699e-04
-5.839345253712726301e-03
-1.332305278022138419e-02
-2.028750693708826144e-02
9.077998537629090869e-02
-6.846432354838598994e-03
9.394293457989326543e-04
-1.978587455447902363e-02
2.812341207889179824e-04
6.942271799911504948e-03
2.846591473725844888e-03
-1.871899751415124732e-04
-1.810072105972358140e-04
-2.089971111973742621e-02
-1.567369104477456081e-03
-2.671690821735506140e-04
2.318539617284157541e-04
-7.610175476725934175e-03
2.288020565381215787e-03
-1.090141132193159050e-02
5.190321821789753778e-03
2.497829592983214202e-03
1.067870468235798814e-01
-1.184315953528781128e-02
4.670202053297726509e-03
1.276785565782636135e-04
-5.886499197194135918e-04
-8.347405303755747784e-04
2.348335164915071080e-04
2.712775117487634807e-04
2.047532478067493056e-04
-1.360672119944540334e-02
-4.940314226975401918e-04
-1.505115665686000692e-04
6.718529030571092255e-05
3.389753646530071438e-05
-1.430000593273562720e-03
-7.455047036041308195e-03
1.662727488220232253e-02
4.212238436710184384e-04
2.281042395162668213e-01
-1.906335860686566783e-02
-2.061867699419405852e-03
-8.520873123428530948e-06
-4.977058153339005038e-03
-9.304269790447782310e-03
-5.042824423719120125e-03
1.894029465441867809e-04
4.415057124804268654e-05
4.575836330683084180e-02
1.377736383026755777e-04
3.938667952117778145e-04
-9.426698577282680708e-03
1.111584776085446091e-02
