-3.816499961169967942e-04
-8.415925375275175617e-04
-1.045974218385393344e-04
-1.284619710006900252e-04
1.816471978107256705e-03
9.171291859478748407e-03
-3.228532657785726165e-03
-3.664510980544344370e-05
-9.005654470854187977e-04
1.681086585757223580e-03
4.768705436916386461e-04
2.047952795296951577e-03
-2.774185384201132147e-04
-2.023332969918338381e-04
-7.927852238747561424e-04
-1.361517726349333133e-03
-1.124769536360257713e-02
-2.408075374645737583e-03
-1.018881136895436574e-04
-4.549538655323694830e-04
4.995728130628630220e-06
2.511672907112587726e-06
9.215614619111367218e-04
-1.043634612135798312e-03
-3.231773166415508828e-03
2.087419155893309579e-06
-4.623168662061877200e-04
-7.216229914608973195e-04
1.213663979417356703e-03
1.880292495902376225e-04
7.957672170268991233e-04
-4.896753758118049918e-05
-1.700522602997761416e-03
1.178320031215225128e-03
-6.989905097504516213e-04
8.440725423763309867e-04
-7.675620261319876948e-05
-3.800114894432290872e-04
-2.536400090013202368e-06
-2.672763504075854147e-06
2.537627156707509581e-03
6.459046165395999385e-03
-3.187832543275832126e-03
-4.621911986810223672e-08
-3.866057382690872915e-04
-2.172577796251835489e-03
-2.469258558855843329e-03
2.404901425596786308e-04
2.581489107402959319e-04
-8.698563308412553664e-06
-7.432192449455130240e-04
1.487103068833531792e-03
-1.419301051983911342e-02
1.866489448247899557e-03
